0 info it worked if it ends with ok
1 verbose cli [ 'C:\\Program Files\\nodejs\\node.exe',
1 verbose cli   'C:\\Program Files\\nodejs\\node_modules\\npm\\bin\\npm-cli.js',
1 verbose cli   'start' ]
2 info using npm@3.8.3
3 info using node@v5.10.1
4 verbose run-script [ 'prestart', 'start', 'poststart' ]
5 info lifecycle proxytown@0.0.1~prestart: proxytown@0.0.1
6 silly lifecycle proxytown@0.0.1~prestart: no script for prestart, continuing
7 info lifecycle proxytown@0.0.1~start: proxytown@0.0.1
8 verbose lifecycle proxytown@0.0.1~start: unsafe-perm in lifecycle true
9 verbose lifecycle proxytown@0.0.1~start: PATH: C:\Program Files\nodejs\node_modules\npm\bin\node-gyp-bin;C:\inetpub\wwwroot\proxytown\PT\node_modules\.bin;C:\Program Files\nodejs;C:\Users\compres\bin;C:\Program Files\Git\mingw64\bin;C:\Program Files\Git\usr\local\bin;C:\Program Files\Git\usr\bin;C:\Program Files\Git\usr\bin;C:\Program Files\Git\mingw64\bin;C:\Program Files\Git\usr\bin;C:\Users\compres\bin;C:\ProgramData\Oracle\Java\javapath;C:\Program Files (x86)\Intel\iCLS Client;C:\Program Files\Intel\iCLS Client;C:\WINDOWS\system32;C:\WINDOWS;C:\WINDOWS\System32\Wbem;C:\WINDOWS\System32\WindowsPowerShell\v1.0;C:\Program Files\Intel\Intel(R) Management Engine Components\DAL;C:\Program Files (x86)\Intel\Intel(R) Management Engine Components\DAL;C:\Program Files\Intel\Intel(R) Management Engine Components\IPT;C:\Program Files (x86)\Intel\Intel(R) Management Engine Components\IPT;C:\Program Files (x86)\Skype\Phone;C:\ProgramData\chocolatey\bin;C:\Program Files\Git\cmd;C:\Program Files\nodejs;C:\Program Files\Zero Install;C:\Program Files (x86)\Extensis\Suitcase Fusion 6;C:\Program Files\Windows Imaging;%USERPROFILE%\.dnx\bin;C:\Program Files\Microsoft DNX\Dnvm;C:\Program Files\Microsoft SQL Server\120\Tools\Binn;C:\Program Files\Microsoft SQL Server\130\Tools\Binn;C:\Program Files\OpenVPN\bin;C:\WINDOWS\system32;C:\WINDOWS;C:\WINDOWS\System32\Wbem;C:\WINDOWS\System32\WindowsPowerShell\v1.0;C:\Users\compres\AppData\Local\scoop\shims;C:\Users\compres\AppData\Roaming\npm;C:\Program Files (x86)\Nmap;C:\Users\compres\AppData\Local\atom\bin;C:\Program Files (x86)\Microsoft VS Code\bin;C:\ProgramData\chocolatey\lib\praat\tools;C:\PROGRA~2\Oracle\VirtualBox;C:\Program Files\Microsoft SDKs\Windows\v7.0\Bin;C:\Program Files\Microsoft SDKs\Windows\v7.0\Bin\x64;C:\Users\compres\.babun;%USERPROFILE%\AppData\Local\Microsoft\WindowsApps;C:\Program Files\Git\usr\bin\vendor_perl;C:\Program Files\Git\usr\bin\core_perl
10 verbose lifecycle proxytown@0.0.1~start: CWD: C:\inetpub\wwwroot\proxytown\PT
11 silly lifecycle proxytown@0.0.1~start: Args: [ '/d /s /c', 'node proxytown' ]
12 silly lifecycle proxytown@0.0.1~start: Returned: code: 1  signal: null
13 info lifecycle proxytown@0.0.1~start: Failed to exec start script
14 verbose stack Error: proxytown@0.0.1 start: `node proxytown`
14 verbose stack Exit status 1
14 verbose stack     at EventEmitter.<anonymous> (C:\Program Files\nodejs\node_modules\npm\lib\utils\lifecycle.js:239:16)
14 verbose stack     at emitTwo (events.js:100:13)
14 verbose stack     at EventEmitter.emit (events.js:185:7)
14 verbose stack     at ChildProcess.<anonymous> (C:\Program Files\nodejs\node_modules\npm\lib\utils\spawn.js:24:14)
14 verbose stack     at emitTwo (events.js:100:13)
14 verbose stack     at ChildProcess.emit (events.js:185:7)
14 verbose stack     at maybeClose (internal/child_process.js:850:16)
14 verbose stack     at Process.ChildProcess._handle.onexit (internal/child_process.js:215:5)
15 verbose pkgid proxytown@0.0.1
16 verbose cwd C:\inetpub\wwwroot\proxytown\PT
17 error Windows_NT 10.0.14367
18 error argv "C:\\Program Files\\nodejs\\node.exe" "C:\\Program Files\\nodejs\\node_modules\\npm\\bin\\npm-cli.js" "start"
19 error node v5.10.1
20 error npm  v3.8.3
21 error code ELIFECYCLE
22 error proxytown@0.0.1 start: `node proxytown`
22 error Exit status 1
23 error Failed at the proxytown@0.0.1 start script 'node proxytown'.
23 error Make sure you have the latest version of node.js and npm installed.
23 error If you do, this is most likely a problem with the proxytown package,
23 error not with npm itself.
23 error Tell the author that this fails on your system:
23 error     node proxytown
23 error You can get information on how to open an issue for this project with:
23 error     npm bugs proxytown
23 error Or if that isn't available, you can get their info via:
23 error     npm owner ls proxytown
23 error There is likely additional logging output above.
24 verbose exit [ 1, true ]
